<?xml version="1.0" encoding="UTF-8"?>
<!-- Generated by org.testng.reporters.JUnitXMLReporter -->
<testsuite hostname="DESKTOP-VM4G1KR" ignored="12" name="Default test" tests="1" failures="0" timestamp="21 Oct 2021 13:21:34 GMT" time="32.298" errors="0">
  <testcase name="FourStar" time="18.965" classname="runner.HotelPageRunner"/>
  <testcase name="EnterInvalidMobNoTest" time="0.0" classname="runner.HotelPageRunner">
    <ignored/>
  </testcase> <!-- EnterInvalidMobNoTest -->
  <testcase name="searchByEmptyCity" time="0.0" classname="runner.HotelPageRunner">
    <ignored/>
  </testcase> <!-- searchByEmptyCity -->
  <testcase name="searchWithTwoRoom" time="0.0" classname="runner.HotelPageRunner">
    <ignored/>
  </testcase> <!-- searchWithTwoRoom -->
  <testcase name="sortByPriceLH" time="0.0" classname="runner.HotelPageRunner">
    <ignored/>
  </testcase> <!-- sortByPriceLH -->
  <testcase name="uncheckTnCTest" time="0.0" classname="runner.HotelPageRunner">
    <ignored/>
  </testcase> <!-- uncheckTnCTest -->
  <testcase name="searchWithAllnchild" time="0.0" classname="runner.HotelPageRunner">
    <ignored/>
  </testcase> <!-- searchWithAllnchild -->
  <testcase name="searchWithAllData" time="0.0" classname="runner.HotelPageRunner">
    <ignored/>
  </testcase> <!-- searchWithAllData -->
  <testcase name="bookRoom" time="0.0" classname="runner.HotelPageRunner">
    <ignored/>
  </testcase> <!-- bookRoom -->
  <testcase name="EnterInvalidEmailTest" time="0.0" classname="runner.HotelPageRunner">
    <ignored/>
  </testcase> <!-- EnterInvalidEmailTest -->
  <testcase name="goToLinkTest" time="0.0" classname="runner.HotelPageRunner">
    <ignored/>
  </testcase> <!-- goToLinkTest -->
  <testcase name="NoGuestDetailsTest" time="0.0" classname="runner.HotelPageRunner">
    <ignored/>
  </testcase> <!-- NoGuestDetailsTest -->
  <testcase name="EnterValidGuestDetailTest" time="0.0" classname="runner.HotelPageRunner">
    <ignored/>
  </testcase> <!-- EnterValidGuestDetailTest -->
</testsuite> <!-- Default test -->
