<?xml version="1.0" encoding="UTF-8"?>
<testng-results skipped="0" failed="0" ignored="12" total="13" passed="1">
  <reporter-output>
  </reporter-output>
  <suite name="Default suite" duration-ms="32298" started-at="2021-10-21T13:21:02Z" finished-at="2021-10-21T13:21:34Z">
    <groups>
    </groups>
    <test name="Default test" duration-ms="32298" started-at="2021-10-21T13:21:02Z" finished-at="2021-10-21T13:21:34Z">
      <class name="runner.HotelPageRunner">
        <test-method status="PASS" signature="beforeMethod()[pri:0, instance:runner.HotelPageRunner@64cd705f]" name="beforeMethod" is-config="true" duration-ms="8617" started-at="2021-10-21T13:21:02Z" finished-at="2021-10-21T13:21:10Z">
          <reporter-output>
          </reporter-output>
        </test-method> <!-- beforeMethod -->
        <test-method status="PASS" signature="FourStar()[pri:8, instance:runner.HotelPageRunner@64cd705f]" name="FourStar" duration-ms="18965" started-at="2021-10-21T13:21:10Z" finished-at="2021-10-21T13:21:29Z">
          <reporter-output>
          </reporter-output>
        </test-method> <!-- FourStar -->
        <test-method status="PASS" signature="afterMethod()[pri:0, instance:runner.HotelPageRunner@64cd705f]" name="afterMethod" is-config="true" duration-ms="4685" started-at="2021-10-21T13:21:29Z" finished-at="2021-10-21T13:21:34Z">
          <reporter-output>
          </reporter-output>
        </test-method> <!-- afterMethod -->
      </class> <!-- runner.HotelPageRunner -->
    </test> <!-- Default test -->
  </suite> <!-- Default suite -->
</testng-results>
